{"C:\\Users\\Administrator\\Desktop\\study\\webpack\\src\\App.vue": {"path":"C:\\Users\\Administrator\\Desktop\\study\\webpack\\src\\App.vue","statementMap":{"0":{"start":{"line":11,"column":0},"end":{"line":11,"column":null}}},"fnMap":{"0":{"name":"data","decl":{"start":{"line":10,"column":0},"end":{"line":10,"column":null}},"loc":{"start":{"line":10,"column":0},"end":{"line":12,"column":null}}},"1":{"name":"mounted","decl":{"start":{"line":13,"column":0},"end":{"line":13,"column":null}},"loc":{"start":{"line":13,"column":0},"end":{"line":13,"column":null}}}},"branchMap":{},"s":{"0":0},"f":{"0":0,"1":0},"b":{}}
,"C:\\Users\\Administrator\\Desktop\\study\\webpack\\src\\views\\home.vue": {"path":"C:\\Users\\Administrator\\Desktop\\study\\webpack\\src\\views\\home.vue","statementMap":{"0":{"start":{"line":11,"column":0},"end":{"line":11,"column":null}}},"fnMap":{"0":{"name":"data","decl":{"start":{"line":10,"column":0},"end":{"line":10,"column":null}},"loc":{"start":{"line":10,"column":0},"end":{"line":12,"column":null}}},"1":{"name":"mounted","decl":{"start":{"line":13,"column":0},"end":{"line":13,"column":null}},"loc":{"start":{"line":13,"column":0},"end":{"line":13,"column":null}}}},"branchMap":{},"s":{"0":1},"f":{"0":1,"1":1},"b":{}}
}
